<?xml version="1.0" encoding="utf-8"?><testsuites name="pytest tests"><testsuite name="pytest" errors="0" failures="0" skipped="0" tests="43" time="5.652" timestamp="2026-07-02T15:34:37.786612+00:00" hostname="agent-env-0d3efd0e-0ba7-48e9-85c6-afd17004887f"><testcase classname="tests.backend_test.TestHealthAndAuth" name="test_root" time="0.277" /><testcase classname="tests.backend_test.TestHealthAndAuth" name="test_demo_login_all_roles" time="0.853" /><testcase classname="tests.backend_test.TestTransactionsAndQuota" name="test_lapang_create_lunas" time="0.574" /><testcase classname="tests.backend_test.TestTransactionsAndQuota" name="test_lapang_create_dp_creates_notification" time="0.190" /><testcase classname="tests.backend_test.TestTransactionsAndQuota" name="test_quota_hard_block" time="0.158" /><testcase classname="tests.backend_test.TestTransactionsAndQuota" name="test_payment_exceeds_total_rejected" time="0.124" /><testcase classname="tests.backend_test.TestTransactionsAndQuota" name="test_nelayan_cannot_create_transaction" time="0.147" /><testcase classname="tests.backend_test.TestHealthAndAuth" name="test_demo_login_invalid_role" time="0.112" /><testcase classname="tests.backend_test.TestHealthAndAuth" name="test_me_requires_auth" time="0.114" /><testcase classname="tests.backend_test.TestTransactionsAndQuota" name="test_admin_validate_transaction" time="0.359" /><testcase classname="tests.backend_test.TestHealthAndAuth" name="test_logout" time="0.444" /><testcase classname="tests.backend_test.TestTransactionsAndQuota" name="test_nelayan_set_debt_reason" time="0.252" /><testcase classname="tests.backend_test.TestFishCalculator" name="test_list_fish_prices" time="0.052" /><testcase classname="tests.backend_test.TestTransactionsAndQuota" name="test_admin_master_debt_and_reminder" time="0.096" /><testcase classname="tests.backend_test.TestVessels" name="test_nelayan_sees_own_vessels" time="0.067" /><testcase classname="tests.backend_test.TestFishCalculator" name="test_admin_create_update_delete_fish" time="0.291" /><testcase classname="tests.backend_test.TestFishCalculator" name="test_nelayan_cannot_create_fish" time="0.049" /><testcase classname="tests.backend_test.TestVessels" name="test_dinas_create_vessel" time="0.371" /><testcase classname="tests.backend_test.TestFishCalculator" name="test_profit_sharing_get_update" time="0.216" /><testcase classname="tests.backend_test.TestVessels" name="test_dinas_create_vessel_duplicate_rekom_rejected" time="0.170" /><testcase classname="tests.backend_test.TestFishCalculator" name="test_fish_calc_math" time="0.134" /><testcase classname="tests.backend_test.TestVessels" name="test_nelayan_cannot_create_vessel" time="0.064" /><testcase classname="tests.backend_test.TestAdminUsers" name="test_admin_list_users" time="0.084" /><testcase classname="tests.backend_test.TestDashboardAndNotifs" name="test_nelayan_dashboard" time="0.198" /><testcase classname="tests.backend_test.TestAdminUsers" name="test_nelayan_cannot_list_admin_users" time="0.043" /><testcase classname="tests.backend_test.TestAdminUsers" name="test_admin_change_role_and_restore" time="0.252" /><testcase classname="tests.backend_test.TestDashboardAndNotifs" name="test_admin_dashboard" time="0.088" /><testcase classname="tests.backend_test.TestDashboardAndNotifs" name="test_notifications" time="0.072" /><testcase classname="tests.backend_test.TestAdminUsers" name="test_admin_invalid_role" time="0.085" /><testcase classname="tests.test_fish_sales.TestFishSalesAccess" name="test_nelayan_cannot_create_sale" time="0.346" /><testcase classname="tests.test_fish_sales.TestFishSaleValidation" name="test_invalid_payment_method" time="0.458" /><testcase classname="tests.test_fish_sales.TestFishSaleValidation" name="test_zero_weight_rejected" time="0.217" /><testcase classname="tests.test_fish_sales.TestFishSalesAccess" name="test_nelayan_sees_only_own" time="0.184" /><testcase classname="tests.test_fish_sales.TestFishSalesAccess" name="test_lapang_sees_all" time="0.065" /><testcase classname="tests.backend_test.TestMembership" name="test_status_locked" time="0.048" /><testcase classname="tests.test_fish_sales.TestFishSaleValidation" name="test_unknown_vessel_404" time="0.100" /><testcase classname="tests.backend_test.TestMembership" name="test_kyc_locked_until_matured" time="0.048" /><testcase classname="tests.test_fish_sales.TestCashSale" name="test_cash_sale_math_and_persistence" time="0.216" /><testcase classname="tests.test_fish_sales.TestCashSale" name="test_price_override_used" time="0.191" /><testcase classname="tests.test_fish_sales.TestPotongUtang" name="test_potong_utang_deducts_oldest_debt_and_creates_fresh_debt_if_needed" time="0.839" /><testcase classname="tests.test_fish_sales.TestFishSaleNotification" name="test_notification_created" time="0.354" /><testcase classname="tests.test_fish_sales.TestPotongUtang" name="test_potong_utang_excess_returns_cash" time="0.436" /><testcase classname="tests.test_fish_sales.TestVesselOutstanding" name="test_vessels_have_owner_outstanding" time="0.076" /></testsuite></testsuites>