<?xml version="1.0" encoding="utf-8"?><testsuites name="pytest tests"><testsuite name="pytest" errors="0" failures="0" skipped="0" tests="43" time="4.954" timestamp="2026-06-26T17:57:11.694308+00:00" hostname="agent-env-20862b13-3714-4a31-a4e6-7cc02b5ff1ec"><testcase classname="tests.backend_test.TestHealthAndAuth" name="test_root" time="0.244" /><testcase classname="tests.backend_test.TestHealthAndAuth" name="test_demo_login_all_roles" time="0.762" /><testcase classname="tests.backend_test.TestTransactionsAndQuota" name="test_lapang_create_lunas" time="0.621" /><testcase classname="tests.backend_test.TestTransactionsAndQuota" name="test_lapang_create_dp_creates_notification" time="0.166" /><testcase classname="tests.backend_test.TestTransactionsAndQuota" name="test_quota_hard_block" time="0.104" /><testcase classname="tests.backend_test.TestTransactionsAndQuota" name="test_payment_exceeds_total_rejected" time="0.102" /><testcase classname="tests.backend_test.TestTransactionsAndQuota" name="test_nelayan_cannot_create_transaction" time="0.121" /><testcase classname="tests.backend_test.TestHealthAndAuth" name="test_demo_login_invalid_role" time="0.103" /><testcase classname="tests.backend_test.TestHealthAndAuth" name="test_me_requires_auth" time="0.113" /><testcase classname="tests.backend_test.TestTransactionsAndQuota" name="test_admin_validate_transaction" time="0.341" /><testcase classname="tests.backend_test.TestHealthAndAuth" name="test_logout" time="0.364" /><testcase classname="tests.backend_test.TestTransactionsAndQuota" name="test_nelayan_set_debt_reason" time="0.306" /><testcase classname="tests.backend_test.TestFishCalculator" name="test_list_fish_prices" time="0.045" /><testcase classname="tests.backend_test.TestFishCalculator" name="test_admin_create_update_delete_fish" time="0.359" /><testcase classname="tests.backend_test.TestTransactionsAndQuota" name="test_admin_master_debt_and_reminder" time="0.093" /><testcase classname="tests.backend_test.TestVessels" name="test_nelayan_sees_own_vessels" time="0.058" /><testcase classname="tests.backend_test.TestFishCalculator" name="test_nelayan_cannot_create_fish" time="0.084" /><testcase classname="tests.backend_test.TestVessels" name="test_dinas_create_vessel" time="0.205" /><testcase classname="tests.backend_test.TestFishCalculator" name="test_profit_sharing_get_update" time="0.341" /><testcase classname="tests.backend_test.TestVessels" name="test_dinas_create_vessel_duplicate_rekom_rejected" time="0.089" /><testcase classname="tests.backend_test.TestVessels" name="test_nelayan_cannot_create_vessel" time="0.050" /><testcase classname="tests.test_fish_sales.TestFishSalesAccess" name="test_nelayan_cannot_create_sale" time="0.250" /><testcase classname="tests.backend_test.TestFishCalculator" name="test_fish_calc_math" time="0.092" /><testcase classname="tests.backend_test.TestAdminUsers" name="test_admin_list_users" time="0.043" /><testcase classname="tests.backend_test.TestAdminUsers" name="test_nelayan_cannot_list_admin_users" time="0.044" /><testcase classname="tests.backend_test.TestAdminUsers" name="test_admin_change_role_and_restore" time="0.172" /><testcase classname="tests.test_fish_sales.TestFishSalesAccess" name="test_nelayan_sees_only_own" time="0.173" /><testcase classname="tests.test_fish_sales.TestFishSalesAccess" name="test_lapang_sees_all" time="0.091" /><testcase classname="tests.backend_test.TestAdminUsers" name="test_admin_invalid_role" time="0.127" /><testcase classname="tests.test_fish_sales.TestFishSaleValidation" name="test_invalid_payment_method" time="0.159" /><testcase classname="tests.backend_test.TestDashboardAndNotifs" name="test_nelayan_dashboard" time="0.188" /><testcase classname="tests.test_fish_sales.TestFishSaleValidation" name="test_zero_weight_rejected" time="0.156" /><testcase classname="tests.backend_test.TestDashboardAndNotifs" name="test_admin_dashboard" time="0.049" /><testcase classname="tests.test_fish_sales.TestFishSaleValidation" name="test_unknown_vessel_404" time="0.142" /><testcase classname="tests.backend_test.TestDashboardAndNotifs" name="test_notifications" time="0.054" /><testcase classname="tests.test_fish_sales.TestCashSale" name="test_cash_sale_math_and_persistence" time="0.206" /><testcase classname="tests.test_fish_sales.TestCashSale" name="test_price_override_used" time="0.152" /><testcase classname="tests.test_fish_sales.TestPotongUtang" name="test_potong_utang_deducts_oldest_debt_and_creates_fresh_debt_if_needed" time="0.673" /><testcase classname="tests.test_fish_sales.TestVesselOutstanding" name="test_vessels_have_owner_outstanding" time="0.060" /><testcase classname="tests.test_fish_sales.TestFishSaleNotification" name="test_notification_created" time="0.253" /><testcase classname="tests.test_fish_sales.TestPotongUtang" name="test_potong_utang_excess_returns_cash" time="0.405" /><testcase classname="tests.backend_test.TestMembership" name="test_status_locked" time="0.044" /><testcase classname="tests.backend_test.TestMembership" name="test_kyc_locked_until_matured" time="0.053" /></testsuite></testsuites>